G75*
%MOIN*%
%OFA0B0*%
%FSLAX25Y25*%
%IPPOS*%
%LPD*%
%AMOC8*
5,1,8,0,0,1.08239X$1,22.5*
%
%ADD10C,0.00000*%
D10*
X0017781Y0026588D02*
X0017319Y0309667D01*
X0017319Y0309668D02*
X0017322Y0309953D01*
X0017332Y0310239D01*
X0017349Y0310524D01*
X0017372Y0310809D01*
X0017403Y0311093D01*
X0017440Y0311377D01*
X0017484Y0311659D01*
X0017535Y0311940D01*
X0017593Y0312220D01*
X0017658Y0312498D01*
X0017729Y0312775D01*
X0017807Y0313050D01*
X0017892Y0313323D01*
X0017983Y0313594D01*
X0018080Y0313862D01*
X0018185Y0314128D01*
X0018295Y0314392D01*
X0018412Y0314653D01*
X0018535Y0314910D01*
X0018665Y0315165D01*
X0018800Y0315417D01*
X0018942Y0315665D01*
X0019089Y0315910D01*
X0019243Y0316151D01*
X0019402Y0316388D01*
X0019567Y0316621D01*
X0019737Y0316851D01*
X0019913Y0317076D01*
X0020095Y0317297D01*
X0020281Y0317513D01*
X0020473Y0317725D01*
X0020670Y0317932D01*
X0020872Y0318134D01*
X0021079Y0318332D01*
X0021290Y0318524D01*
X0021506Y0318711D01*
X0021727Y0318893D01*
X0021951Y0319069D01*
X0022180Y0319240D01*
X0022414Y0319405D01*
X0022651Y0319565D01*
X0022891Y0319719D01*
X0023136Y0319867D01*
X0023384Y0320009D01*
X0023635Y0320145D01*
X0023890Y0320275D01*
X0024147Y0320398D01*
X0024408Y0320516D01*
X0024671Y0320627D01*
X0024937Y0320732D01*
X0025205Y0320830D01*
X0025476Y0320922D01*
X0025749Y0321007D01*
X0026024Y0321085D01*
X0026300Y0321157D01*
X0026578Y0321222D01*
X0026858Y0321280D01*
X0027139Y0321332D01*
X0027421Y0321377D01*
X0027705Y0321415D01*
X0027989Y0321446D01*
X0028273Y0321470D01*
X0028559Y0321487D01*
X0028844Y0321498D01*
X0029130Y0321501D01*
X0156429Y0321501D01*
X0152469Y0310300D02*
X0152471Y0310431D01*
X0152477Y0310563D01*
X0152487Y0310694D01*
X0152501Y0310825D01*
X0152519Y0310955D01*
X0152541Y0311084D01*
X0152566Y0311213D01*
X0152596Y0311341D01*
X0152630Y0311468D01*
X0152667Y0311595D01*
X0152708Y0311719D01*
X0152753Y0311843D01*
X0152802Y0311965D01*
X0152854Y0312086D01*
X0152910Y0312204D01*
X0152970Y0312322D01*
X0153033Y0312437D01*
X0153100Y0312550D01*
X0153170Y0312662D01*
X0153243Y0312771D01*
X0153319Y0312877D01*
X0153399Y0312982D01*
X0153482Y0313084D01*
X0153568Y0313183D01*
X0153657Y0313280D01*
X0153749Y0313374D01*
X0153844Y0313465D01*
X0153941Y0313554D01*
X0154041Y0313639D01*
X0154144Y0313721D01*
X0154249Y0313800D01*
X0154356Y0313876D01*
X0154466Y0313948D01*
X0154578Y0314017D01*
X0154692Y0314083D01*
X0154807Y0314145D01*
X0154925Y0314204D01*
X0155044Y0314259D01*
X0155165Y0314311D01*
X0155288Y0314358D01*
X0155412Y0314402D01*
X0155537Y0314443D01*
X0155663Y0314479D01*
X0155791Y0314512D01*
X0155919Y0314540D01*
X0156048Y0314565D01*
X0156178Y0314586D01*
X0156308Y0314603D01*
X0156439Y0314616D01*
X0156570Y0314625D01*
X0156701Y0314630D01*
X0156833Y0314631D01*
X0156964Y0314628D01*
X0157096Y0314621D01*
X0157227Y0314610D01*
X0157357Y0314595D01*
X0157487Y0314576D01*
X0157617Y0314553D01*
X0157745Y0314527D01*
X0157873Y0314496D01*
X0158000Y0314461D01*
X0158126Y0314423D01*
X0158250Y0314381D01*
X0158374Y0314335D01*
X0158495Y0314285D01*
X0158615Y0314232D01*
X0158734Y0314175D01*
X0158851Y0314115D01*
X0158965Y0314051D01*
X0159078Y0313983D01*
X0159189Y0313912D01*
X0159298Y0313838D01*
X0159404Y0313761D01*
X0159508Y0313680D01*
X0159609Y0313597D01*
X0159708Y0313510D01*
X0159804Y0313420D01*
X0159897Y0313327D01*
X0159988Y0313232D01*
X0160075Y0313134D01*
X0160160Y0313033D01*
X0160241Y0312930D01*
X0160319Y0312824D01*
X0160394Y0312716D01*
X0160466Y0312606D01*
X0160534Y0312494D01*
X0160599Y0312380D01*
X0160660Y0312263D01*
X0160718Y0312145D01*
X0160772Y0312025D01*
X0160823Y0311904D01*
X0160870Y0311781D01*
X0160913Y0311657D01*
X0160952Y0311532D01*
X0160988Y0311405D01*
X0161019Y0311277D01*
X0161047Y0311149D01*
X0161071Y0311020D01*
X0161091Y0310890D01*
X0161107Y0310759D01*
X0161119Y0310628D01*
X0161127Y0310497D01*
X0161131Y0310366D01*
X0161131Y0310234D01*
X0161127Y0310103D01*
X0161119Y0309972D01*
X0161107Y0309841D01*
X0161091Y0309710D01*
X0161071Y0309580D01*
X0161047Y0309451D01*
X0161019Y0309323D01*
X0160988Y0309195D01*
X0160952Y0309068D01*
X0160913Y0308943D01*
X0160870Y0308819D01*
X0160823Y0308696D01*
X0160772Y0308575D01*
X0160718Y0308455D01*
X0160660Y0308337D01*
X0160599Y0308220D01*
X0160534Y0308106D01*
X0160466Y0307994D01*
X0160394Y0307884D01*
X0160319Y0307776D01*
X0160241Y0307670D01*
X0160160Y0307567D01*
X0160075Y0307466D01*
X0159988Y0307368D01*
X0159897Y0307273D01*
X0159804Y0307180D01*
X0159708Y0307090D01*
X0159609Y0307003D01*
X0159508Y0306920D01*
X0159404Y0306839D01*
X0159298Y0306762D01*
X0159189Y0306688D01*
X0159078Y0306617D01*
X0158966Y0306549D01*
X0158851Y0306485D01*
X0158734Y0306425D01*
X0158615Y0306368D01*
X0158495Y0306315D01*
X0158374Y0306265D01*
X0158250Y0306219D01*
X0158126Y0306177D01*
X0158000Y0306139D01*
X0157873Y0306104D01*
X0157745Y0306073D01*
X0157617Y0306047D01*
X0157487Y0306024D01*
X0157357Y0306005D01*
X0157227Y0305990D01*
X0157096Y0305979D01*
X0156964Y0305972D01*
X0156833Y0305969D01*
X0156701Y0305970D01*
X0156570Y0305975D01*
X0156439Y0305984D01*
X0156308Y0305997D01*
X0156178Y0306014D01*
X0156048Y0306035D01*
X0155919Y0306060D01*
X0155791Y0306088D01*
X0155663Y0306121D01*
X0155537Y0306157D01*
X0155412Y0306198D01*
X0155288Y0306242D01*
X0155165Y0306289D01*
X0155044Y0306341D01*
X0154925Y0306396D01*
X0154807Y0306455D01*
X0154692Y0306517D01*
X0154578Y0306583D01*
X0154466Y0306652D01*
X0154356Y0306724D01*
X0154249Y0306800D01*
X0154144Y0306879D01*
X0154041Y0306961D01*
X0153941Y0307046D01*
X0153844Y0307135D01*
X0153749Y0307226D01*
X0153657Y0307320D01*
X0153568Y0307417D01*
X0153482Y0307516D01*
X0153399Y0307618D01*
X0153319Y0307723D01*
X0153243Y0307829D01*
X0153170Y0307938D01*
X0153100Y0308050D01*
X0153033Y0308163D01*
X0152970Y0308278D01*
X0152910Y0308396D01*
X0152854Y0308514D01*
X0152802Y0308635D01*
X0152753Y0308757D01*
X0152708Y0308881D01*
X0152667Y0309005D01*
X0152630Y0309132D01*
X0152596Y0309259D01*
X0152566Y0309387D01*
X0152541Y0309516D01*
X0152519Y0309645D01*
X0152501Y0309775D01*
X0152487Y0309906D01*
X0152477Y0310037D01*
X0152471Y0310169D01*
X0152469Y0310300D01*
X0156429Y0321501D02*
X0156719Y0321497D01*
X0157008Y0321487D01*
X0157297Y0321469D01*
X0157585Y0321444D01*
X0157873Y0321413D01*
X0158160Y0321374D01*
X0158446Y0321328D01*
X0158731Y0321275D01*
X0159014Y0321215D01*
X0159296Y0321148D01*
X0159576Y0321075D01*
X0159854Y0320994D01*
X0160130Y0320907D01*
X0160404Y0320813D01*
X0160675Y0320712D01*
X0160944Y0320605D01*
X0161210Y0320491D01*
X0161473Y0320370D01*
X0161734Y0320243D01*
X0161991Y0320110D01*
X0162245Y0319971D01*
X0162495Y0319825D01*
X0162741Y0319674D01*
X0162984Y0319516D01*
X0163223Y0319352D01*
X0163458Y0319183D01*
X0163688Y0319008D01*
X0163915Y0318827D01*
X0164136Y0318641D01*
X0164353Y0318449D01*
X0164566Y0318252D01*
X0164773Y0318050D01*
X0164976Y0317843D01*
X0165173Y0317631D01*
X0165365Y0317415D01*
X0165551Y0317193D01*
X0165733Y0316968D01*
X0165908Y0316737D01*
X0166078Y0316503D01*
X0166242Y0316264D01*
X0166400Y0316022D01*
X0166552Y0315775D01*
X0166699Y0315526D01*
X0166838Y0315272D01*
X0166972Y0315015D01*
X0167099Y0314755D01*
X0167220Y0314492D01*
X0167335Y0314226D01*
X0167443Y0313957D01*
X0167544Y0313686D01*
X0167639Y0313413D01*
X0167726Y0313137D01*
X0167807Y0312859D01*
X0167882Y0312579D01*
X0167949Y0312297D01*
X0168009Y0312014D01*
X0168063Y0311730D01*
X0168109Y0311444D01*
X0168149Y0311157D01*
X0168181Y0310869D01*
X0168206Y0310581D01*
X0168225Y0310292D01*
X0168236Y0310003D01*
X0168240Y0309713D01*
X0168702Y0026633D01*
X0168699Y0026348D01*
X0168689Y0026062D01*
X0168672Y0025777D01*
X0168649Y0025492D01*
X0168618Y0025208D01*
X0168581Y0024924D01*
X0168537Y0024642D01*
X0168486Y0024361D01*
X0168428Y0024081D01*
X0168363Y0023803D01*
X0168292Y0023526D01*
X0168214Y0023251D01*
X0168129Y0022978D01*
X0168038Y0022707D01*
X0167941Y0022439D01*
X0167836Y0022173D01*
X0167726Y0021909D01*
X0167609Y0021648D01*
X0167486Y0021391D01*
X0167356Y0021136D01*
X0167221Y0020884D01*
X0167079Y0020636D01*
X0166932Y0020391D01*
X0166778Y0020150D01*
X0166619Y0019913D01*
X0166454Y0019680D01*
X0166284Y0019450D01*
X0166108Y0019225D01*
X0165926Y0019004D01*
X0165740Y0018788D01*
X0165548Y0018576D01*
X0165351Y0018369D01*
X0165149Y0018167D01*
X0164942Y0017969D01*
X0164731Y0017777D01*
X0164515Y0017590D01*
X0164294Y0017408D01*
X0164070Y0017232D01*
X0163841Y0017061D01*
X0163607Y0016896D01*
X0163370Y0016736D01*
X0163130Y0016582D01*
X0162885Y0016434D01*
X0162637Y0016292D01*
X0162386Y0016156D01*
X0162131Y0016026D01*
X0161874Y0015903D01*
X0161613Y0015785D01*
X0161350Y0015674D01*
X0161084Y0015569D01*
X0160816Y0015471D01*
X0160545Y0015379D01*
X0160272Y0015294D01*
X0159997Y0015216D01*
X0159721Y0015144D01*
X0159443Y0015079D01*
X0159163Y0015021D01*
X0158882Y0014969D01*
X0158600Y0014924D01*
X0158316Y0014886D01*
X0158032Y0014855D01*
X0157748Y0014831D01*
X0157462Y0014814D01*
X0157177Y0014803D01*
X0156891Y0014800D01*
X0029592Y0014800D01*
X0029302Y0014804D01*
X0029013Y0014814D01*
X0028724Y0014832D01*
X0028436Y0014857D01*
X0028148Y0014888D01*
X0027861Y0014927D01*
X0027575Y0014973D01*
X0027290Y0015026D01*
X0027007Y0015086D01*
X0026725Y0015153D01*
X0026445Y0015226D01*
X0026167Y0015307D01*
X0025891Y0015394D01*
X0025617Y0015488D01*
X0025346Y0015589D01*
X0025077Y0015696D01*
X0024811Y0015810D01*
X0024548Y0015931D01*
X0024287Y0016058D01*
X0024030Y0016191D01*
X0023776Y0016330D01*
X0023526Y0016476D01*
X0023280Y0016627D01*
X0023037Y0016785D01*
X0022798Y0016949D01*
X0022563Y0017118D01*
X0022333Y0017293D01*
X0022106Y0017474D01*
X0021885Y0017660D01*
X0021668Y0017852D01*
X0021455Y0018049D01*
X0021248Y0018251D01*
X0021045Y0018458D01*
X0020848Y0018670D01*
X0020656Y0018886D01*
X0020470Y0019108D01*
X0020288Y0019333D01*
X0020113Y0019564D01*
X0019943Y0019798D01*
X0019779Y0020037D01*
X0019621Y0020279D01*
X0019469Y0020526D01*
X0019322Y0020775D01*
X0019183Y0021029D01*
X0019049Y0021286D01*
X0018922Y0021546D01*
X0018801Y0021809D01*
X0018686Y0022075D01*
X0018578Y0022344D01*
X0018477Y0022615D01*
X0018382Y0022888D01*
X0018295Y0023164D01*
X0018214Y0023442D01*
X0018139Y0023722D01*
X0018072Y0024004D01*
X0018012Y0024287D01*
X0017958Y0024571D01*
X0017912Y0024857D01*
X0017872Y0025144D01*
X0017840Y0025432D01*
X0017815Y0025720D01*
X0017796Y0026009D01*
X0017785Y0026298D01*
X0017781Y0026588D01*
X0027469Y0027800D02*
X0027471Y0027931D01*
X0027477Y0028063D01*
X0027487Y0028194D01*
X0027501Y0028325D01*
X0027519Y0028455D01*
X0027541Y0028584D01*
X0027566Y0028713D01*
X0027596Y0028841D01*
X0027630Y0028968D01*
X0027667Y0029095D01*
X0027708Y0029219D01*
X0027753Y0029343D01*
X0027802Y0029465D01*
X0027854Y0029586D01*
X0027910Y0029704D01*
X0027970Y0029822D01*
X0028033Y0029937D01*
X0028100Y0030050D01*
X0028170Y0030162D01*
X0028243Y0030271D01*
X0028319Y0030377D01*
X0028399Y0030482D01*
X0028482Y0030584D01*
X0028568Y0030683D01*
X0028657Y0030780D01*
X0028749Y0030874D01*
X0028844Y0030965D01*
X0028941Y0031054D01*
X0029041Y0031139D01*
X0029144Y0031221D01*
X0029249Y0031300D01*
X0029356Y0031376D01*
X0029466Y0031448D01*
X0029578Y0031517D01*
X0029692Y0031583D01*
X0029807Y0031645D01*
X0029925Y0031704D01*
X0030044Y0031759D01*
X0030165Y0031811D01*
X0030288Y0031858D01*
X0030412Y0031902D01*
X0030537Y0031943D01*
X0030663Y0031979D01*
X0030791Y0032012D01*
X0030919Y0032040D01*
X0031048Y0032065D01*
X0031178Y0032086D01*
X0031308Y0032103D01*
X0031439Y0032116D01*
X0031570Y0032125D01*
X0031701Y0032130D01*
X0031833Y0032131D01*
X0031964Y0032128D01*
X0032096Y0032121D01*
X0032227Y0032110D01*
X0032357Y0032095D01*
X0032487Y0032076D01*
X0032617Y0032053D01*
X0032745Y0032027D01*
X0032873Y0031996D01*
X0033000Y0031961D01*
X0033126Y0031923D01*
X0033250Y0031881D01*
X0033374Y0031835D01*
X0033495Y0031785D01*
X0033615Y0031732D01*
X0033734Y0031675D01*
X0033851Y0031615D01*
X0033965Y0031551D01*
X0034078Y0031483D01*
X0034189Y0031412D01*
X0034298Y0031338D01*
X0034404Y0031261D01*
X0034508Y0031180D01*
X0034609Y0031097D01*
X0034708Y0031010D01*
X0034804Y0030920D01*
X0034897Y0030827D01*
X0034988Y0030732D01*
X0035075Y0030634D01*
X0035160Y0030533D01*
X0035241Y0030430D01*
X0035319Y0030324D01*
X0035394Y0030216D01*
X0035466Y0030106D01*
X0035534Y0029994D01*
X0035599Y0029880D01*
X0035660Y0029763D01*
X0035718Y0029645D01*
X0035772Y0029525D01*
X0035823Y0029404D01*
X0035870Y0029281D01*
X0035913Y0029157D01*
X0035952Y0029032D01*
X0035988Y0028905D01*
X0036019Y0028777D01*
X0036047Y0028649D01*
X0036071Y0028520D01*
X0036091Y0028390D01*
X0036107Y0028259D01*
X0036119Y0028128D01*
X0036127Y0027997D01*
X0036131Y0027866D01*
X0036131Y0027734D01*
X0036127Y0027603D01*
X0036119Y0027472D01*
X0036107Y0027341D01*
X0036091Y0027210D01*
X0036071Y0027080D01*
X0036047Y0026951D01*
X0036019Y0026823D01*
X0035988Y0026695D01*
X0035952Y0026568D01*
X0035913Y0026443D01*
X0035870Y0026319D01*
X0035823Y0026196D01*
X0035772Y0026075D01*
X0035718Y0025955D01*
X0035660Y0025837D01*
X0035599Y0025720D01*
X0035534Y0025606D01*
X0035466Y0025494D01*
X0035394Y0025384D01*
X0035319Y0025276D01*
X0035241Y0025170D01*
X0035160Y0025067D01*
X0035075Y0024966D01*
X0034988Y0024868D01*
X0034897Y0024773D01*
X0034804Y0024680D01*
X0034708Y0024590D01*
X0034609Y0024503D01*
X0034508Y0024420D01*
X0034404Y0024339D01*
X0034298Y0024262D01*
X0034189Y0024188D01*
X0034078Y0024117D01*
X0033966Y0024049D01*
X0033851Y0023985D01*
X0033734Y0023925D01*
X0033615Y0023868D01*
X0033495Y0023815D01*
X0033374Y0023765D01*
X0033250Y0023719D01*
X0033126Y0023677D01*
X0033000Y0023639D01*
X0032873Y0023604D01*
X0032745Y0023573D01*
X0032617Y0023547D01*
X0032487Y0023524D01*
X0032357Y0023505D01*
X0032227Y0023490D01*
X0032096Y0023479D01*
X0031964Y0023472D01*
X0031833Y0023469D01*
X0031701Y0023470D01*
X0031570Y0023475D01*
X0031439Y0023484D01*
X0031308Y0023497D01*
X0031178Y0023514D01*
X0031048Y0023535D01*
X0030919Y0023560D01*
X0030791Y0023588D01*
X0030663Y0023621D01*
X0030537Y0023657D01*
X0030412Y0023698D01*
X0030288Y0023742D01*
X0030165Y0023789D01*
X0030044Y0023841D01*
X0029925Y0023896D01*
X0029807Y0023955D01*
X0029692Y0024017D01*
X0029578Y0024083D01*
X0029466Y0024152D01*
X0029356Y0024224D01*
X0029249Y0024300D01*
X0029144Y0024379D01*
X0029041Y0024461D01*
X0028941Y0024546D01*
X0028844Y0024635D01*
X0028749Y0024726D01*
X0028657Y0024820D01*
X0028568Y0024917D01*
X0028482Y0025016D01*
X0028399Y0025118D01*
X0028319Y0025223D01*
X0028243Y0025329D01*
X0028170Y0025438D01*
X0028100Y0025550D01*
X0028033Y0025663D01*
X0027970Y0025778D01*
X0027910Y0025896D01*
X0027854Y0026014D01*
X0027802Y0026135D01*
X0027753Y0026257D01*
X0027708Y0026381D01*
X0027667Y0026505D01*
X0027630Y0026632D01*
X0027596Y0026759D01*
X0027566Y0026887D01*
X0027541Y0027016D01*
X0027519Y0027145D01*
X0027501Y0027275D01*
X0027487Y0027406D01*
X0027477Y0027537D01*
X0027471Y0027669D01*
X0027469Y0027800D01*
X0149969Y0028300D02*
X0149971Y0028431D01*
X0149977Y0028563D01*
X0149987Y0028694D01*
X0150001Y0028825D01*
X0150019Y0028955D01*
X0150041Y0029084D01*
X0150066Y0029213D01*
X0150096Y0029341D01*
X0150130Y0029468D01*
X0150167Y0029595D01*
X0150208Y0029719D01*
X0150253Y0029843D01*
X0150302Y0029965D01*
X0150354Y0030086D01*
X0150410Y0030204D01*
X0150470Y0030322D01*
X0150533Y0030437D01*
X0150600Y0030550D01*
X0150670Y0030662D01*
X0150743Y0030771D01*
X0150819Y0030877D01*
X0150899Y0030982D01*
X0150982Y0031084D01*
X0151068Y0031183D01*
X0151157Y0031280D01*
X0151249Y0031374D01*
X0151344Y0031465D01*
X0151441Y0031554D01*
X0151541Y0031639D01*
X0151644Y0031721D01*
X0151749Y0031800D01*
X0151856Y0031876D01*
X0151966Y0031948D01*
X0152078Y0032017D01*
X0152192Y0032083D01*
X0152307Y0032145D01*
X0152425Y0032204D01*
X0152544Y0032259D01*
X0152665Y0032311D01*
X0152788Y0032358D01*
X0152912Y0032402D01*
X0153037Y0032443D01*
X0153163Y0032479D01*
X0153291Y0032512D01*
X0153419Y0032540D01*
X0153548Y0032565D01*
X0153678Y0032586D01*
X0153808Y0032603D01*
X0153939Y0032616D01*
X0154070Y0032625D01*
X0154201Y0032630D01*
X0154333Y0032631D01*
X0154464Y0032628D01*
X0154596Y0032621D01*
X0154727Y0032610D01*
X0154857Y0032595D01*
X0154987Y0032576D01*
X0155117Y0032553D01*
X0155245Y0032527D01*
X0155373Y0032496D01*
X0155500Y0032461D01*
X0155626Y0032423D01*
X0155750Y0032381D01*
X0155874Y0032335D01*
X0155995Y0032285D01*
X0156115Y0032232D01*
X0156234Y0032175D01*
X0156351Y0032115D01*
X0156465Y0032051D01*
X0156578Y0031983D01*
X0156689Y0031912D01*
X0156798Y0031838D01*
X0156904Y0031761D01*
X0157008Y0031680D01*
X0157109Y0031597D01*
X0157208Y0031510D01*
X0157304Y0031420D01*
X0157397Y0031327D01*
X0157488Y0031232D01*
X0157575Y0031134D01*
X0157660Y0031033D01*
X0157741Y0030930D01*
X0157819Y0030824D01*
X0157894Y0030716D01*
X0157966Y0030606D01*
X0158034Y0030494D01*
X0158099Y0030380D01*
X0158160Y0030263D01*
X0158218Y0030145D01*
X0158272Y0030025D01*
X0158323Y0029904D01*
X0158370Y0029781D01*
X0158413Y0029657D01*
X0158452Y0029532D01*
X0158488Y0029405D01*
X0158519Y0029277D01*
X0158547Y0029149D01*
X0158571Y0029020D01*
X0158591Y0028890D01*
X0158607Y0028759D01*
X0158619Y0028628D01*
X0158627Y0028497D01*
X0158631Y0028366D01*
X0158631Y0028234D01*
X0158627Y0028103D01*
X0158619Y0027972D01*
X0158607Y0027841D01*
X0158591Y0027710D01*
X0158571Y0027580D01*
X0158547Y0027451D01*
X0158519Y0027323D01*
X0158488Y0027195D01*
X0158452Y0027068D01*
X0158413Y0026943D01*
X0158370Y0026819D01*
X0158323Y0026696D01*
X0158272Y0026575D01*
X0158218Y0026455D01*
X0158160Y0026337D01*
X0158099Y0026220D01*
X0158034Y0026106D01*
X0157966Y0025994D01*
X0157894Y0025884D01*
X0157819Y0025776D01*
X0157741Y0025670D01*
X0157660Y0025567D01*
X0157575Y0025466D01*
X0157488Y0025368D01*
X0157397Y0025273D01*
X0157304Y0025180D01*
X0157208Y0025090D01*
X0157109Y0025003D01*
X0157008Y0024920D01*
X0156904Y0024839D01*
X0156798Y0024762D01*
X0156689Y0024688D01*
X0156578Y0024617D01*
X0156466Y0024549D01*
X0156351Y0024485D01*
X0156234Y0024425D01*
X0156115Y0024368D01*
X0155995Y0024315D01*
X0155874Y0024265D01*
X0155750Y0024219D01*
X0155626Y0024177D01*
X0155500Y0024139D01*
X0155373Y0024104D01*
X0155245Y0024073D01*
X0155117Y0024047D01*
X0154987Y0024024D01*
X0154857Y0024005D01*
X0154727Y0023990D01*
X0154596Y0023979D01*
X0154464Y0023972D01*
X0154333Y0023969D01*
X0154201Y0023970D01*
X0154070Y0023975D01*
X0153939Y0023984D01*
X0153808Y0023997D01*
X0153678Y0024014D01*
X0153548Y0024035D01*
X0153419Y0024060D01*
X0153291Y0024088D01*
X0153163Y0024121D01*
X0153037Y0024157D01*
X0152912Y0024198D01*
X0152788Y0024242D01*
X0152665Y0024289D01*
X0152544Y0024341D01*
X0152425Y0024396D01*
X0152307Y0024455D01*
X0152192Y0024517D01*
X0152078Y0024583D01*
X0151966Y0024652D01*
X0151856Y0024724D01*
X0151749Y0024800D01*
X0151644Y0024879D01*
X0151541Y0024961D01*
X0151441Y0025046D01*
X0151344Y0025135D01*
X0151249Y0025226D01*
X0151157Y0025320D01*
X0151068Y0025417D01*
X0150982Y0025516D01*
X0150899Y0025618D01*
X0150819Y0025723D01*
X0150743Y0025829D01*
X0150670Y0025938D01*
X0150600Y0026050D01*
X0150533Y0026163D01*
X0150470Y0026278D01*
X0150410Y0026396D01*
X0150354Y0026514D01*
X0150302Y0026635D01*
X0150253Y0026757D01*
X0150208Y0026881D01*
X0150167Y0027005D01*
X0150130Y0027132D01*
X0150096Y0027259D01*
X0150066Y0027387D01*
X0150041Y0027516D01*
X0150019Y0027645D01*
X0150001Y0027775D01*
X0149987Y0027906D01*
X0149977Y0028037D01*
X0149971Y0028169D01*
X0149969Y0028300D01*
X0025969Y0308800D02*
X0025971Y0308931D01*
X0025977Y0309063D01*
X0025987Y0309194D01*
X0026001Y0309325D01*
X0026019Y0309455D01*
X0026041Y0309584D01*
X0026066Y0309713D01*
X0026096Y0309841D01*
X0026130Y0309968D01*
X0026167Y0310095D01*
X0026208Y0310219D01*
X0026253Y0310343D01*
X0026302Y0310465D01*
X0026354Y0310586D01*
X0026410Y0310704D01*
X0026470Y0310822D01*
X0026533Y0310937D01*
X0026600Y0311050D01*
X0026670Y0311162D01*
X0026743Y0311271D01*
X0026819Y0311377D01*
X0026899Y0311482D01*
X0026982Y0311584D01*
X0027068Y0311683D01*
X0027157Y0311780D01*
X0027249Y0311874D01*
X0027344Y0311965D01*
X0027441Y0312054D01*
X0027541Y0312139D01*
X0027644Y0312221D01*
X0027749Y0312300D01*
X0027856Y0312376D01*
X0027966Y0312448D01*
X0028078Y0312517D01*
X0028192Y0312583D01*
X0028307Y0312645D01*
X0028425Y0312704D01*
X0028544Y0312759D01*
X0028665Y0312811D01*
X0028788Y0312858D01*
X0028912Y0312902D01*
X0029037Y0312943D01*
X0029163Y0312979D01*
X0029291Y0313012D01*
X0029419Y0313040D01*
X0029548Y0313065D01*
X0029678Y0313086D01*
X0029808Y0313103D01*
X0029939Y0313116D01*
X0030070Y0313125D01*
X0030201Y0313130D01*
X0030333Y0313131D01*
X0030464Y0313128D01*
X0030596Y0313121D01*
X0030727Y0313110D01*
X0030857Y0313095D01*
X0030987Y0313076D01*
X0031117Y0313053D01*
X0031245Y0313027D01*
X0031373Y0312996D01*
X0031500Y0312961D01*
X0031626Y0312923D01*
X0031750Y0312881D01*
X0031874Y0312835D01*
X0031995Y0312785D01*
X0032115Y0312732D01*
X0032234Y0312675D01*
X0032351Y0312615D01*
X0032465Y0312551D01*
X0032578Y0312483D01*
X0032689Y0312412D01*
X0032798Y0312338D01*
X0032904Y0312261D01*
X0033008Y0312180D01*
X0033109Y0312097D01*
X0033208Y0312010D01*
X0033304Y0311920D01*
X0033397Y0311827D01*
X0033488Y0311732D01*
X0033575Y0311634D01*
X0033660Y0311533D01*
X0033741Y0311430D01*
X0033819Y0311324D01*
X0033894Y0311216D01*
X0033966Y0311106D01*
X0034034Y0310994D01*
X0034099Y0310880D01*
X0034160Y0310763D01*
X0034218Y0310645D01*
X0034272Y0310525D01*
X0034323Y0310404D01*
X0034370Y0310281D01*
X0034413Y0310157D01*
X0034452Y0310032D01*
X0034488Y0309905D01*
X0034519Y0309777D01*
X0034547Y0309649D01*
X0034571Y0309520D01*
X0034591Y0309390D01*
X0034607Y0309259D01*
X0034619Y0309128D01*
X0034627Y0308997D01*
X0034631Y0308866D01*
X0034631Y0308734D01*
X0034627Y0308603D01*
X0034619Y0308472D01*
X0034607Y0308341D01*
X0034591Y0308210D01*
X0034571Y0308080D01*
X0034547Y0307951D01*
X0034519Y0307823D01*
X0034488Y0307695D01*
X0034452Y0307568D01*
X0034413Y0307443D01*
X0034370Y0307319D01*
X0034323Y0307196D01*
X0034272Y0307075D01*
X0034218Y0306955D01*
X0034160Y0306837D01*
X0034099Y0306720D01*
X0034034Y0306606D01*
X0033966Y0306494D01*
X0033894Y0306384D01*
X0033819Y0306276D01*
X0033741Y0306170D01*
X0033660Y0306067D01*
X0033575Y0305966D01*
X0033488Y0305868D01*
X0033397Y0305773D01*
X0033304Y0305680D01*
X0033208Y0305590D01*
X0033109Y0305503D01*
X0033008Y0305420D01*
X0032904Y0305339D01*
X0032798Y0305262D01*
X0032689Y0305188D01*
X0032578Y0305117D01*
X0032466Y0305049D01*
X0032351Y0304985D01*
X0032234Y0304925D01*
X0032115Y0304868D01*
X0031995Y0304815D01*
X0031874Y0304765D01*
X0031750Y0304719D01*
X0031626Y0304677D01*
X0031500Y0304639D01*
X0031373Y0304604D01*
X0031245Y0304573D01*
X0031117Y0304547D01*
X0030987Y0304524D01*
X0030857Y0304505D01*
X0030727Y0304490D01*
X0030596Y0304479D01*
X0030464Y0304472D01*
X0030333Y0304469D01*
X0030201Y0304470D01*
X0030070Y0304475D01*
X0029939Y0304484D01*
X0029808Y0304497D01*
X0029678Y0304514D01*
X0029548Y0304535D01*
X0029419Y0304560D01*
X0029291Y0304588D01*
X0029163Y0304621D01*
X0029037Y0304657D01*
X0028912Y0304698D01*
X0028788Y0304742D01*
X0028665Y0304789D01*
X0028544Y0304841D01*
X0028425Y0304896D01*
X0028307Y0304955D01*
X0028192Y0305017D01*
X0028078Y0305083D01*
X0027966Y0305152D01*
X0027856Y0305224D01*
X0027749Y0305300D01*
X0027644Y0305379D01*
X0027541Y0305461D01*
X0027441Y0305546D01*
X0027344Y0305635D01*
X0027249Y0305726D01*
X0027157Y0305820D01*
X0027068Y0305917D01*
X0026982Y0306016D01*
X0026899Y0306118D01*
X0026819Y0306223D01*
X0026743Y0306329D01*
X0026670Y0306438D01*
X0026600Y0306550D01*
X0026533Y0306663D01*
X0026470Y0306778D01*
X0026410Y0306896D01*
X0026354Y0307014D01*
X0026302Y0307135D01*
X0026253Y0307257D01*
X0026208Y0307381D01*
X0026167Y0307505D01*
X0026130Y0307632D01*
X0026096Y0307759D01*
X0026066Y0307887D01*
X0026041Y0308016D01*
X0026019Y0308145D01*
X0026001Y0308275D01*
X0025987Y0308406D01*
X0025977Y0308537D01*
X0025971Y0308669D01*
X0025969Y0308800D01*
M02*
