Determining if the pthread_create exist failed with the following output:
Change Dir: /home/micke/ExamensarbeteCybercom/catkin_ws/build/CMakeFiles/CMakeTmp

Run Build Command:"/usr/bin/make" "cmTC_b6dcc/fast"
/usr/bin/make -f CMakeFiles/cmTC_b6dcc.dir/build.make CMakeFiles/cmTC_b6dcc.dir/build
make[1]: Entering directory '/home/micke/ExamensarbeteCybercom/catkin_ws/build/CMakeFiles/CMakeTmp'
Building C object CMakeFiles/cmTC_b6dcc.dir/CheckSymbolExists.c.o
/usr/bin/cc     -o CMakeFiles/cmTC_b6dcc.dir/CheckSymbolExists.c.o   -c /home/micke/ExamensarbeteCybercom/catkin_ws/build/CMakeFiles/CMakeTmp/CheckSymbolExists.c
Linking C executable cmTC_b6dcc
/usr/bin/cmake -E cmake_link_script CMakeFiles/cmTC_b6dcc.dir/link.txt --verbose=1
/usr/bin/cc       CMakeFiles/cmTC_b6dcc.dir/CheckSymbolExists.c.o  -o cmTC_b6dcc -rdynamic 
CMakeFiles/cmTC_b6dcc.dir/CheckSymbolExists.c.o: In function `main':
CheckSymbolExists.c:(.text+0x16): undefined reference to `pthread_create'
collect2: error: ld returned 1 exit status
CMakeFiles/cmTC_b6dcc.dir/build.make:97: recipe for target 'cmTC_b6dcc' failed
make[1]: *** [cmTC_b6dcc] Error 1
make[1]: Leaving directory '/home/micke/ExamensarbeteCybercom/catkin_ws/build/CMakeFiles/CMakeTmp'
Makefile:126: recipe for target 'cmTC_b6dcc/fast' failed
make: *** [cmTC_b6dcc/fast] Error 2

File /home/micke/ExamensarbeteCybercom/catkin_ws/build/CMakeFiles/CMakeTmp/CheckSymbolExists.c:
/* */
#include <pthread.h>

int main(int argc, char** argv)
{
  (void)argv;
#ifndef pthread_create
  return ((int*)(&pthread_create))[argc];
#else
  (void)argc;
  return 0;
#endif
}

Determining if the function pthread_create exists in the pthreads failed with the following output:
Change Dir: /home/micke/ExamensarbeteCybercom/catkin_ws/build/CMakeFiles/CMakeTmp

Run Build Command:"/usr/bin/make" "cmTC_e1614/fast"
/usr/bin/make -f CMakeFiles/cmTC_e1614.dir/build.make CMakeFiles/cmTC_e1614.dir/build
make[1]: Entering directory '/home/micke/ExamensarbeteCybercom/catkin_ws/build/CMakeFiles/CMakeTmp'
Building C object CMakeFiles/cmTC_e1614.dir/CheckFunctionExists.c.o
/usr/bin/cc    -DCHECK_FUNCTION_EXISTS=pthread_create   -o CMakeFiles/cmTC_e1614.dir/CheckFunctionExists.c.o   -c /usr/share/cmake-3.5/Modules/CheckFunctionExists.c
Linking C executable cmTC_e1614
/usr/bin/cmake -E cmake_link_script CMakeFiles/cmTC_e1614.dir/link.txt --verbose=1
/usr/bin/cc   -DCHECK_FUNCTION_EXISTS=pthread_create    CMakeFiles/cmTC_e1614.dir/CheckFunctionExists.c.o  -o cmTC_e1614 -rdynamic -lpthreads 
/usr/bin/ld: cannot find -lpthreads
collect2: error: ld returned 1 exit status
CMakeFiles/cmTC_e1614.dir/build.make:97: recipe for target 'cmTC_e1614' failed
make[1]: *** [cmTC_e1614] Error 1
make[1]: Leaving directory '/home/micke/ExamensarbeteCybercom/catkin_ws/build/CMakeFiles/CMakeTmp'
Makefile:126: recipe for target 'cmTC_e1614/fast' failed
make: *** [cmTC_e1614/fast] Error 2


