G75*
%MOIN*%
%OFA0B0*%
%FSLAX25Y25*%
%IPPOS*%
%LPD*%
%AMOC8*
5,1,8,0,0,1.08239X$1,22.5*
%
%ADD10C,0.00000*%
D10*
X0028681Y0021492D02*
X0028681Y0125071D01*
X0035244Y0127181D02*
X0035246Y0127306D01*
X0035252Y0127431D01*
X0035262Y0127555D01*
X0035276Y0127679D01*
X0035293Y0127803D01*
X0035315Y0127926D01*
X0035341Y0128048D01*
X0035370Y0128170D01*
X0035403Y0128290D01*
X0035441Y0128409D01*
X0035481Y0128528D01*
X0035526Y0128644D01*
X0035574Y0128759D01*
X0035626Y0128873D01*
X0035682Y0128985D01*
X0035741Y0129095D01*
X0035803Y0129203D01*
X0035869Y0129310D01*
X0035938Y0129414D01*
X0036011Y0129515D01*
X0036086Y0129615D01*
X0036165Y0129712D01*
X0036247Y0129806D01*
X0036332Y0129898D01*
X0036419Y0129987D01*
X0036510Y0130073D01*
X0036603Y0130156D01*
X0036699Y0130237D01*
X0036797Y0130314D01*
X0036897Y0130388D01*
X0037000Y0130459D01*
X0037105Y0130526D01*
X0037213Y0130591D01*
X0037322Y0130651D01*
X0037433Y0130709D01*
X0037546Y0130762D01*
X0037660Y0130812D01*
X0037776Y0130859D01*
X0037893Y0130901D01*
X0038012Y0130940D01*
X0038132Y0130976D01*
X0038253Y0131007D01*
X0038375Y0131035D01*
X0038497Y0131058D01*
X0038621Y0131078D01*
X0038745Y0131094D01*
X0038869Y0131106D01*
X0038994Y0131114D01*
X0039119Y0131118D01*
X0039243Y0131118D01*
X0039368Y0131114D01*
X0039493Y0131106D01*
X0039617Y0131094D01*
X0039741Y0131078D01*
X0039865Y0131058D01*
X0039987Y0131035D01*
X0040109Y0131007D01*
X0040230Y0130976D01*
X0040350Y0130940D01*
X0040469Y0130901D01*
X0040586Y0130859D01*
X0040702Y0130812D01*
X0040816Y0130762D01*
X0040929Y0130709D01*
X0041040Y0130651D01*
X0041150Y0130591D01*
X0041257Y0130526D01*
X0041362Y0130459D01*
X0041465Y0130388D01*
X0041565Y0130314D01*
X0041663Y0130237D01*
X0041759Y0130156D01*
X0041852Y0130073D01*
X0041943Y0129987D01*
X0042030Y0129898D01*
X0042115Y0129806D01*
X0042197Y0129712D01*
X0042276Y0129615D01*
X0042351Y0129515D01*
X0042424Y0129414D01*
X0042493Y0129310D01*
X0042559Y0129203D01*
X0042621Y0129095D01*
X0042680Y0128985D01*
X0042736Y0128873D01*
X0042788Y0128759D01*
X0042836Y0128644D01*
X0042881Y0128528D01*
X0042921Y0128409D01*
X0042959Y0128290D01*
X0042992Y0128170D01*
X0043021Y0128048D01*
X0043047Y0127926D01*
X0043069Y0127803D01*
X0043086Y0127679D01*
X0043100Y0127555D01*
X0043110Y0127431D01*
X0043116Y0127306D01*
X0043118Y0127181D01*
X0043116Y0127056D01*
X0043110Y0126931D01*
X0043100Y0126807D01*
X0043086Y0126683D01*
X0043069Y0126559D01*
X0043047Y0126436D01*
X0043021Y0126314D01*
X0042992Y0126192D01*
X0042959Y0126072D01*
X0042921Y0125953D01*
X0042881Y0125834D01*
X0042836Y0125718D01*
X0042788Y0125603D01*
X0042736Y0125489D01*
X0042680Y0125377D01*
X0042621Y0125267D01*
X0042559Y0125159D01*
X0042493Y0125052D01*
X0042424Y0124948D01*
X0042351Y0124847D01*
X0042276Y0124747D01*
X0042197Y0124650D01*
X0042115Y0124556D01*
X0042030Y0124464D01*
X0041943Y0124375D01*
X0041852Y0124289D01*
X0041759Y0124206D01*
X0041663Y0124125D01*
X0041565Y0124048D01*
X0041465Y0123974D01*
X0041362Y0123903D01*
X0041257Y0123836D01*
X0041149Y0123771D01*
X0041040Y0123711D01*
X0040929Y0123653D01*
X0040816Y0123600D01*
X0040702Y0123550D01*
X0040586Y0123503D01*
X0040469Y0123461D01*
X0040350Y0123422D01*
X0040230Y0123386D01*
X0040109Y0123355D01*
X0039987Y0123327D01*
X0039865Y0123304D01*
X0039741Y0123284D01*
X0039617Y0123268D01*
X0039493Y0123256D01*
X0039368Y0123248D01*
X0039243Y0123244D01*
X0039119Y0123244D01*
X0038994Y0123248D01*
X0038869Y0123256D01*
X0038745Y0123268D01*
X0038621Y0123284D01*
X0038497Y0123304D01*
X0038375Y0123327D01*
X0038253Y0123355D01*
X0038132Y0123386D01*
X0038012Y0123422D01*
X0037893Y0123461D01*
X0037776Y0123503D01*
X0037660Y0123550D01*
X0037546Y0123600D01*
X0037433Y0123653D01*
X0037322Y0123711D01*
X0037212Y0123771D01*
X0037105Y0123836D01*
X0037000Y0123903D01*
X0036897Y0123974D01*
X0036797Y0124048D01*
X0036699Y0124125D01*
X0036603Y0124206D01*
X0036510Y0124289D01*
X0036419Y0124375D01*
X0036332Y0124464D01*
X0036247Y0124556D01*
X0036165Y0124650D01*
X0036086Y0124747D01*
X0036011Y0124847D01*
X0035938Y0124948D01*
X0035869Y0125052D01*
X0035803Y0125159D01*
X0035741Y0125267D01*
X0035682Y0125377D01*
X0035626Y0125489D01*
X0035574Y0125603D01*
X0035526Y0125718D01*
X0035481Y0125834D01*
X0035441Y0125953D01*
X0035403Y0126072D01*
X0035370Y0126192D01*
X0035341Y0126314D01*
X0035315Y0126436D01*
X0035293Y0126559D01*
X0035276Y0126683D01*
X0035262Y0126807D01*
X0035252Y0126931D01*
X0035246Y0127056D01*
X0035244Y0127181D01*
X0028681Y0125071D02*
X0028684Y0125356D01*
X0028695Y0125642D01*
X0028712Y0125927D01*
X0028736Y0126211D01*
X0028767Y0126495D01*
X0028805Y0126778D01*
X0028850Y0127059D01*
X0028901Y0127340D01*
X0028959Y0127620D01*
X0029024Y0127898D01*
X0029096Y0128174D01*
X0029174Y0128448D01*
X0029259Y0128721D01*
X0029351Y0128991D01*
X0029449Y0129259D01*
X0029553Y0129525D01*
X0029664Y0129788D01*
X0029781Y0130048D01*
X0029904Y0130306D01*
X0030034Y0130560D01*
X0030170Y0130811D01*
X0030311Y0131059D01*
X0030459Y0131303D01*
X0030612Y0131544D01*
X0030772Y0131780D01*
X0030937Y0132013D01*
X0031107Y0132242D01*
X0031283Y0132467D01*
X0031465Y0132687D01*
X0031651Y0132903D01*
X0031843Y0133114D01*
X0032040Y0133321D01*
X0032242Y0133523D01*
X0032449Y0133720D01*
X0032660Y0133912D01*
X0032876Y0134098D01*
X0033096Y0134280D01*
X0033321Y0134456D01*
X0033550Y0134626D01*
X0033783Y0134791D01*
X0034019Y0134951D01*
X0034260Y0135104D01*
X0034504Y0135252D01*
X0034752Y0135393D01*
X0035003Y0135529D01*
X0035257Y0135659D01*
X0035515Y0135782D01*
X0035775Y0135899D01*
X0036038Y0136010D01*
X0036304Y0136114D01*
X0036572Y0136212D01*
X0036842Y0136304D01*
X0037115Y0136389D01*
X0037389Y0136467D01*
X0037665Y0136539D01*
X0037943Y0136604D01*
X0038223Y0136662D01*
X0038504Y0136713D01*
X0038785Y0136758D01*
X0039068Y0136796D01*
X0039352Y0136827D01*
X0039636Y0136851D01*
X0039921Y0136868D01*
X0040207Y0136879D01*
X0040492Y0136882D01*
X0150791Y0136882D01*
X0148244Y0127181D02*
X0148246Y0127306D01*
X0148252Y0127431D01*
X0148262Y0127555D01*
X0148276Y0127679D01*
X0148293Y0127803D01*
X0148315Y0127926D01*
X0148341Y0128048D01*
X0148370Y0128170D01*
X0148403Y0128290D01*
X0148441Y0128409D01*
X0148481Y0128528D01*
X0148526Y0128644D01*
X0148574Y0128759D01*
X0148626Y0128873D01*
X0148682Y0128985D01*
X0148741Y0129095D01*
X0148803Y0129203D01*
X0148869Y0129310D01*
X0148938Y0129414D01*
X0149011Y0129515D01*
X0149086Y0129615D01*
X0149165Y0129712D01*
X0149247Y0129806D01*
X0149332Y0129898D01*
X0149419Y0129987D01*
X0149510Y0130073D01*
X0149603Y0130156D01*
X0149699Y0130237D01*
X0149797Y0130314D01*
X0149897Y0130388D01*
X0150000Y0130459D01*
X0150105Y0130526D01*
X0150213Y0130591D01*
X0150322Y0130651D01*
X0150433Y0130709D01*
X0150546Y0130762D01*
X0150660Y0130812D01*
X0150776Y0130859D01*
X0150893Y0130901D01*
X0151012Y0130940D01*
X0151132Y0130976D01*
X0151253Y0131007D01*
X0151375Y0131035D01*
X0151497Y0131058D01*
X0151621Y0131078D01*
X0151745Y0131094D01*
X0151869Y0131106D01*
X0151994Y0131114D01*
X0152119Y0131118D01*
X0152243Y0131118D01*
X0152368Y0131114D01*
X0152493Y0131106D01*
X0152617Y0131094D01*
X0152741Y0131078D01*
X0152865Y0131058D01*
X0152987Y0131035D01*
X0153109Y0131007D01*
X0153230Y0130976D01*
X0153350Y0130940D01*
X0153469Y0130901D01*
X0153586Y0130859D01*
X0153702Y0130812D01*
X0153816Y0130762D01*
X0153929Y0130709D01*
X0154040Y0130651D01*
X0154150Y0130591D01*
X0154257Y0130526D01*
X0154362Y0130459D01*
X0154465Y0130388D01*
X0154565Y0130314D01*
X0154663Y0130237D01*
X0154759Y0130156D01*
X0154852Y0130073D01*
X0154943Y0129987D01*
X0155030Y0129898D01*
X0155115Y0129806D01*
X0155197Y0129712D01*
X0155276Y0129615D01*
X0155351Y0129515D01*
X0155424Y0129414D01*
X0155493Y0129310D01*
X0155559Y0129203D01*
X0155621Y0129095D01*
X0155680Y0128985D01*
X0155736Y0128873D01*
X0155788Y0128759D01*
X0155836Y0128644D01*
X0155881Y0128528D01*
X0155921Y0128409D01*
X0155959Y0128290D01*
X0155992Y0128170D01*
X0156021Y0128048D01*
X0156047Y0127926D01*
X0156069Y0127803D01*
X0156086Y0127679D01*
X0156100Y0127555D01*
X0156110Y0127431D01*
X0156116Y0127306D01*
X0156118Y0127181D01*
X0156116Y0127056D01*
X0156110Y0126931D01*
X0156100Y0126807D01*
X0156086Y0126683D01*
X0156069Y0126559D01*
X0156047Y0126436D01*
X0156021Y0126314D01*
X0155992Y0126192D01*
X0155959Y0126072D01*
X0155921Y0125953D01*
X0155881Y0125834D01*
X0155836Y0125718D01*
X0155788Y0125603D01*
X0155736Y0125489D01*
X0155680Y0125377D01*
X0155621Y0125267D01*
X0155559Y0125159D01*
X0155493Y0125052D01*
X0155424Y0124948D01*
X0155351Y0124847D01*
X0155276Y0124747D01*
X0155197Y0124650D01*
X0155115Y0124556D01*
X0155030Y0124464D01*
X0154943Y0124375D01*
X0154852Y0124289D01*
X0154759Y0124206D01*
X0154663Y0124125D01*
X0154565Y0124048D01*
X0154465Y0123974D01*
X0154362Y0123903D01*
X0154257Y0123836D01*
X0154149Y0123771D01*
X0154040Y0123711D01*
X0153929Y0123653D01*
X0153816Y0123600D01*
X0153702Y0123550D01*
X0153586Y0123503D01*
X0153469Y0123461D01*
X0153350Y0123422D01*
X0153230Y0123386D01*
X0153109Y0123355D01*
X0152987Y0123327D01*
X0152865Y0123304D01*
X0152741Y0123284D01*
X0152617Y0123268D01*
X0152493Y0123256D01*
X0152368Y0123248D01*
X0152243Y0123244D01*
X0152119Y0123244D01*
X0151994Y0123248D01*
X0151869Y0123256D01*
X0151745Y0123268D01*
X0151621Y0123284D01*
X0151497Y0123304D01*
X0151375Y0123327D01*
X0151253Y0123355D01*
X0151132Y0123386D01*
X0151012Y0123422D01*
X0150893Y0123461D01*
X0150776Y0123503D01*
X0150660Y0123550D01*
X0150546Y0123600D01*
X0150433Y0123653D01*
X0150322Y0123711D01*
X0150212Y0123771D01*
X0150105Y0123836D01*
X0150000Y0123903D01*
X0149897Y0123974D01*
X0149797Y0124048D01*
X0149699Y0124125D01*
X0149603Y0124206D01*
X0149510Y0124289D01*
X0149419Y0124375D01*
X0149332Y0124464D01*
X0149247Y0124556D01*
X0149165Y0124650D01*
X0149086Y0124747D01*
X0149011Y0124847D01*
X0148938Y0124948D01*
X0148869Y0125052D01*
X0148803Y0125159D01*
X0148741Y0125267D01*
X0148682Y0125377D01*
X0148626Y0125489D01*
X0148574Y0125603D01*
X0148526Y0125718D01*
X0148481Y0125834D01*
X0148441Y0125953D01*
X0148403Y0126072D01*
X0148370Y0126192D01*
X0148341Y0126314D01*
X0148315Y0126436D01*
X0148293Y0126559D01*
X0148276Y0126683D01*
X0148262Y0126807D01*
X0148252Y0126931D01*
X0148246Y0127056D01*
X0148244Y0127181D01*
X0150791Y0136882D02*
X0151076Y0136879D01*
X0151362Y0136868D01*
X0151647Y0136851D01*
X0151931Y0136827D01*
X0152215Y0136796D01*
X0152498Y0136758D01*
X0152779Y0136713D01*
X0153060Y0136662D01*
X0153340Y0136604D01*
X0153618Y0136539D01*
X0153894Y0136467D01*
X0154168Y0136389D01*
X0154441Y0136304D01*
X0154711Y0136212D01*
X0154979Y0136114D01*
X0155245Y0136010D01*
X0155508Y0135899D01*
X0155768Y0135782D01*
X0156026Y0135659D01*
X0156280Y0135529D01*
X0156531Y0135393D01*
X0156779Y0135252D01*
X0157023Y0135104D01*
X0157264Y0134951D01*
X0157500Y0134791D01*
X0157733Y0134626D01*
X0157962Y0134456D01*
X0158187Y0134280D01*
X0158407Y0134098D01*
X0158623Y0133912D01*
X0158834Y0133720D01*
X0159041Y0133523D01*
X0159243Y0133321D01*
X0159440Y0133114D01*
X0159632Y0132903D01*
X0159818Y0132687D01*
X0160000Y0132467D01*
X0160176Y0132242D01*
X0160346Y0132013D01*
X0160511Y0131780D01*
X0160671Y0131544D01*
X0160824Y0131303D01*
X0160972Y0131059D01*
X0161113Y0130811D01*
X0161249Y0130560D01*
X0161379Y0130306D01*
X0161502Y0130048D01*
X0161619Y0129788D01*
X0161730Y0129525D01*
X0161834Y0129259D01*
X0161932Y0128991D01*
X0162024Y0128721D01*
X0162109Y0128448D01*
X0162187Y0128174D01*
X0162259Y0127898D01*
X0162324Y0127620D01*
X0162382Y0127340D01*
X0162433Y0127059D01*
X0162478Y0126778D01*
X0162516Y0126495D01*
X0162547Y0126211D01*
X0162571Y0125927D01*
X0162588Y0125642D01*
X0162599Y0125356D01*
X0162602Y0125071D01*
X0162602Y0021492D01*
X0148244Y0020181D02*
X0148246Y0020306D01*
X0148252Y0020431D01*
X0148262Y0020555D01*
X0148276Y0020679D01*
X0148293Y0020803D01*
X0148315Y0020926D01*
X0148341Y0021048D01*
X0148370Y0021170D01*
X0148403Y0021290D01*
X0148441Y0021409D01*
X0148481Y0021528D01*
X0148526Y0021644D01*
X0148574Y0021759D01*
X0148626Y0021873D01*
X0148682Y0021985D01*
X0148741Y0022095D01*
X0148803Y0022203D01*
X0148869Y0022310D01*
X0148938Y0022414D01*
X0149011Y0022515D01*
X0149086Y0022615D01*
X0149165Y0022712D01*
X0149247Y0022806D01*
X0149332Y0022898D01*
X0149419Y0022987D01*
X0149510Y0023073D01*
X0149603Y0023156D01*
X0149699Y0023237D01*
X0149797Y0023314D01*
X0149897Y0023388D01*
X0150000Y0023459D01*
X0150105Y0023526D01*
X0150213Y0023591D01*
X0150322Y0023651D01*
X0150433Y0023709D01*
X0150546Y0023762D01*
X0150660Y0023812D01*
X0150776Y0023859D01*
X0150893Y0023901D01*
X0151012Y0023940D01*
X0151132Y0023976D01*
X0151253Y0024007D01*
X0151375Y0024035D01*
X0151497Y0024058D01*
X0151621Y0024078D01*
X0151745Y0024094D01*
X0151869Y0024106D01*
X0151994Y0024114D01*
X0152119Y0024118D01*
X0152243Y0024118D01*
X0152368Y0024114D01*
X0152493Y0024106D01*
X0152617Y0024094D01*
X0152741Y0024078D01*
X0152865Y0024058D01*
X0152987Y0024035D01*
X0153109Y0024007D01*
X0153230Y0023976D01*
X0153350Y0023940D01*
X0153469Y0023901D01*
X0153586Y0023859D01*
X0153702Y0023812D01*
X0153816Y0023762D01*
X0153929Y0023709D01*
X0154040Y0023651D01*
X0154150Y0023591D01*
X0154257Y0023526D01*
X0154362Y0023459D01*
X0154465Y0023388D01*
X0154565Y0023314D01*
X0154663Y0023237D01*
X0154759Y0023156D01*
X0154852Y0023073D01*
X0154943Y0022987D01*
X0155030Y0022898D01*
X0155115Y0022806D01*
X0155197Y0022712D01*
X0155276Y0022615D01*
X0155351Y0022515D01*
X0155424Y0022414D01*
X0155493Y0022310D01*
X0155559Y0022203D01*
X0155621Y0022095D01*
X0155680Y0021985D01*
X0155736Y0021873D01*
X0155788Y0021759D01*
X0155836Y0021644D01*
X0155881Y0021528D01*
X0155921Y0021409D01*
X0155959Y0021290D01*
X0155992Y0021170D01*
X0156021Y0021048D01*
X0156047Y0020926D01*
X0156069Y0020803D01*
X0156086Y0020679D01*
X0156100Y0020555D01*
X0156110Y0020431D01*
X0156116Y0020306D01*
X0156118Y0020181D01*
X0156116Y0020056D01*
X0156110Y0019931D01*
X0156100Y0019807D01*
X0156086Y0019683D01*
X0156069Y0019559D01*
X0156047Y0019436D01*
X0156021Y0019314D01*
X0155992Y0019192D01*
X0155959Y0019072D01*
X0155921Y0018953D01*
X0155881Y0018834D01*
X0155836Y0018718D01*
X0155788Y0018603D01*
X0155736Y0018489D01*
X0155680Y0018377D01*
X0155621Y0018267D01*
X0155559Y0018159D01*
X0155493Y0018052D01*
X0155424Y0017948D01*
X0155351Y0017847D01*
X0155276Y0017747D01*
X0155197Y0017650D01*
X0155115Y0017556D01*
X0155030Y0017464D01*
X0154943Y0017375D01*
X0154852Y0017289D01*
X0154759Y0017206D01*
X0154663Y0017125D01*
X0154565Y0017048D01*
X0154465Y0016974D01*
X0154362Y0016903D01*
X0154257Y0016836D01*
X0154149Y0016771D01*
X0154040Y0016711D01*
X0153929Y0016653D01*
X0153816Y0016600D01*
X0153702Y0016550D01*
X0153586Y0016503D01*
X0153469Y0016461D01*
X0153350Y0016422D01*
X0153230Y0016386D01*
X0153109Y0016355D01*
X0152987Y0016327D01*
X0152865Y0016304D01*
X0152741Y0016284D01*
X0152617Y0016268D01*
X0152493Y0016256D01*
X0152368Y0016248D01*
X0152243Y0016244D01*
X0152119Y0016244D01*
X0151994Y0016248D01*
X0151869Y0016256D01*
X0151745Y0016268D01*
X0151621Y0016284D01*
X0151497Y0016304D01*
X0151375Y0016327D01*
X0151253Y0016355D01*
X0151132Y0016386D01*
X0151012Y0016422D01*
X0150893Y0016461D01*
X0150776Y0016503D01*
X0150660Y0016550D01*
X0150546Y0016600D01*
X0150433Y0016653D01*
X0150322Y0016711D01*
X0150212Y0016771D01*
X0150105Y0016836D01*
X0150000Y0016903D01*
X0149897Y0016974D01*
X0149797Y0017048D01*
X0149699Y0017125D01*
X0149603Y0017206D01*
X0149510Y0017289D01*
X0149419Y0017375D01*
X0149332Y0017464D01*
X0149247Y0017556D01*
X0149165Y0017650D01*
X0149086Y0017747D01*
X0149011Y0017847D01*
X0148938Y0017948D01*
X0148869Y0018052D01*
X0148803Y0018159D01*
X0148741Y0018267D01*
X0148682Y0018377D01*
X0148626Y0018489D01*
X0148574Y0018603D01*
X0148526Y0018718D01*
X0148481Y0018834D01*
X0148441Y0018953D01*
X0148403Y0019072D01*
X0148370Y0019192D01*
X0148341Y0019314D01*
X0148315Y0019436D01*
X0148293Y0019559D01*
X0148276Y0019683D01*
X0148262Y0019807D01*
X0148252Y0019931D01*
X0148246Y0020056D01*
X0148244Y0020181D01*
X0150791Y0009681D02*
X0151076Y0009684D01*
X0151362Y0009695D01*
X0151647Y0009712D01*
X0151931Y0009736D01*
X0152215Y0009767D01*
X0152498Y0009805D01*
X0152779Y0009850D01*
X0153060Y0009901D01*
X0153340Y0009959D01*
X0153618Y0010024D01*
X0153894Y0010096D01*
X0154168Y0010174D01*
X0154441Y0010259D01*
X0154711Y0010351D01*
X0154979Y0010449D01*
X0155245Y0010553D01*
X0155508Y0010664D01*
X0155768Y0010781D01*
X0156026Y0010904D01*
X0156280Y0011034D01*
X0156531Y0011170D01*
X0156779Y0011311D01*
X0157023Y0011459D01*
X0157264Y0011612D01*
X0157500Y0011772D01*
X0157733Y0011937D01*
X0157962Y0012107D01*
X0158187Y0012283D01*
X0158407Y0012465D01*
X0158623Y0012651D01*
X0158834Y0012843D01*
X0159041Y0013040D01*
X0159243Y0013242D01*
X0159440Y0013449D01*
X0159632Y0013660D01*
X0159818Y0013876D01*
X0160000Y0014096D01*
X0160176Y0014321D01*
X0160346Y0014550D01*
X0160511Y0014783D01*
X0160671Y0015019D01*
X0160824Y0015260D01*
X0160972Y0015504D01*
X0161113Y0015752D01*
X0161249Y0016003D01*
X0161379Y0016257D01*
X0161502Y0016515D01*
X0161619Y0016775D01*
X0161730Y0017038D01*
X0161834Y0017304D01*
X0161932Y0017572D01*
X0162024Y0017842D01*
X0162109Y0018115D01*
X0162187Y0018389D01*
X0162259Y0018665D01*
X0162324Y0018943D01*
X0162382Y0019223D01*
X0162433Y0019504D01*
X0162478Y0019785D01*
X0162516Y0020068D01*
X0162547Y0020352D01*
X0162571Y0020636D01*
X0162588Y0020921D01*
X0162599Y0021207D01*
X0162602Y0021492D01*
X0150791Y0009681D02*
X0040492Y0009681D01*
X0035244Y0020181D02*
X0035246Y0020306D01*
X0035252Y0020431D01*
X0035262Y0020555D01*
X0035276Y0020679D01*
X0035293Y0020803D01*
X0035315Y0020926D01*
X0035341Y0021048D01*
X0035370Y0021170D01*
X0035403Y0021290D01*
X0035441Y0021409D01*
X0035481Y0021528D01*
X0035526Y0021644D01*
X0035574Y0021759D01*
X0035626Y0021873D01*
X0035682Y0021985D01*
X0035741Y0022095D01*
X0035803Y0022203D01*
X0035869Y0022310D01*
X0035938Y0022414D01*
X0036011Y0022515D01*
X0036086Y0022615D01*
X0036165Y0022712D01*
X0036247Y0022806D01*
X0036332Y0022898D01*
X0036419Y0022987D01*
X0036510Y0023073D01*
X0036603Y0023156D01*
X0036699Y0023237D01*
X0036797Y0023314D01*
X0036897Y0023388D01*
X0037000Y0023459D01*
X0037105Y0023526D01*
X0037213Y0023591D01*
X0037322Y0023651D01*
X0037433Y0023709D01*
X0037546Y0023762D01*
X0037660Y0023812D01*
X0037776Y0023859D01*
X0037893Y0023901D01*
X0038012Y0023940D01*
X0038132Y0023976D01*
X0038253Y0024007D01*
X0038375Y0024035D01*
X0038497Y0024058D01*
X0038621Y0024078D01*
X0038745Y0024094D01*
X0038869Y0024106D01*
X0038994Y0024114D01*
X0039119Y0024118D01*
X0039243Y0024118D01*
X0039368Y0024114D01*
X0039493Y0024106D01*
X0039617Y0024094D01*
X0039741Y0024078D01*
X0039865Y0024058D01*
X0039987Y0024035D01*
X0040109Y0024007D01*
X0040230Y0023976D01*
X0040350Y0023940D01*
X0040469Y0023901D01*
X0040586Y0023859D01*
X0040702Y0023812D01*
X0040816Y0023762D01*
X0040929Y0023709D01*
X0041040Y0023651D01*
X0041150Y0023591D01*
X0041257Y0023526D01*
X0041362Y0023459D01*
X0041465Y0023388D01*
X0041565Y0023314D01*
X0041663Y0023237D01*
X0041759Y0023156D01*
X0041852Y0023073D01*
X0041943Y0022987D01*
X0042030Y0022898D01*
X0042115Y0022806D01*
X0042197Y0022712D01*
X0042276Y0022615D01*
X0042351Y0022515D01*
X0042424Y0022414D01*
X0042493Y0022310D01*
X0042559Y0022203D01*
X0042621Y0022095D01*
X0042680Y0021985D01*
X0042736Y0021873D01*
X0042788Y0021759D01*
X0042836Y0021644D01*
X0042881Y0021528D01*
X0042921Y0021409D01*
X0042959Y0021290D01*
X0042992Y0021170D01*
X0043021Y0021048D01*
X0043047Y0020926D01*
X0043069Y0020803D01*
X0043086Y0020679D01*
X0043100Y0020555D01*
X0043110Y0020431D01*
X0043116Y0020306D01*
X0043118Y0020181D01*
X0043116Y0020056D01*
X0043110Y0019931D01*
X0043100Y0019807D01*
X0043086Y0019683D01*
X0043069Y0019559D01*
X0043047Y0019436D01*
X0043021Y0019314D01*
X0042992Y0019192D01*
X0042959Y0019072D01*
X0042921Y0018953D01*
X0042881Y0018834D01*
X0042836Y0018718D01*
X0042788Y0018603D01*
X0042736Y0018489D01*
X0042680Y0018377D01*
X0042621Y0018267D01*
X0042559Y0018159D01*
X0042493Y0018052D01*
X0042424Y0017948D01*
X0042351Y0017847D01*
X0042276Y0017747D01*
X0042197Y0017650D01*
X0042115Y0017556D01*
X0042030Y0017464D01*
X0041943Y0017375D01*
X0041852Y0017289D01*
X0041759Y0017206D01*
X0041663Y0017125D01*
X0041565Y0017048D01*
X0041465Y0016974D01*
X0041362Y0016903D01*
X0041257Y0016836D01*
X0041149Y0016771D01*
X0041040Y0016711D01*
X0040929Y0016653D01*
X0040816Y0016600D01*
X0040702Y0016550D01*
X0040586Y0016503D01*
X0040469Y0016461D01*
X0040350Y0016422D01*
X0040230Y0016386D01*
X0040109Y0016355D01*
X0039987Y0016327D01*
X0039865Y0016304D01*
X0039741Y0016284D01*
X0039617Y0016268D01*
X0039493Y0016256D01*
X0039368Y0016248D01*
X0039243Y0016244D01*
X0039119Y0016244D01*
X0038994Y0016248D01*
X0038869Y0016256D01*
X0038745Y0016268D01*
X0038621Y0016284D01*
X0038497Y0016304D01*
X0038375Y0016327D01*
X0038253Y0016355D01*
X0038132Y0016386D01*
X0038012Y0016422D01*
X0037893Y0016461D01*
X0037776Y0016503D01*
X0037660Y0016550D01*
X0037546Y0016600D01*
X0037433Y0016653D01*
X0037322Y0016711D01*
X0037212Y0016771D01*
X0037105Y0016836D01*
X0037000Y0016903D01*
X0036897Y0016974D01*
X0036797Y0017048D01*
X0036699Y0017125D01*
X0036603Y0017206D01*
X0036510Y0017289D01*
X0036419Y0017375D01*
X0036332Y0017464D01*
X0036247Y0017556D01*
X0036165Y0017650D01*
X0036086Y0017747D01*
X0036011Y0017847D01*
X0035938Y0017948D01*
X0035869Y0018052D01*
X0035803Y0018159D01*
X0035741Y0018267D01*
X0035682Y0018377D01*
X0035626Y0018489D01*
X0035574Y0018603D01*
X0035526Y0018718D01*
X0035481Y0018834D01*
X0035441Y0018953D01*
X0035403Y0019072D01*
X0035370Y0019192D01*
X0035341Y0019314D01*
X0035315Y0019436D01*
X0035293Y0019559D01*
X0035276Y0019683D01*
X0035262Y0019807D01*
X0035252Y0019931D01*
X0035246Y0020056D01*
X0035244Y0020181D01*
X0028681Y0021492D02*
X0028684Y0021207D01*
X0028695Y0020921D01*
X0028712Y0020636D01*
X0028736Y0020352D01*
X0028767Y0020068D01*
X0028805Y0019785D01*
X0028850Y0019504D01*
X0028901Y0019223D01*
X0028959Y0018943D01*
X0029024Y0018665D01*
X0029096Y0018389D01*
X0029174Y0018115D01*
X0029259Y0017842D01*
X0029351Y0017572D01*
X0029449Y0017304D01*
X0029553Y0017038D01*
X0029664Y0016775D01*
X0029781Y0016515D01*
X0029904Y0016257D01*
X0030034Y0016003D01*
X0030170Y0015752D01*
X0030311Y0015504D01*
X0030459Y0015260D01*
X0030612Y0015019D01*
X0030772Y0014783D01*
X0030937Y0014550D01*
X0031107Y0014321D01*
X0031283Y0014096D01*
X0031465Y0013876D01*
X0031651Y0013660D01*
X0031843Y0013449D01*
X0032040Y0013242D01*
X0032242Y0013040D01*
X0032449Y0012843D01*
X0032660Y0012651D01*
X0032876Y0012465D01*
X0033096Y0012283D01*
X0033321Y0012107D01*
X0033550Y0011937D01*
X0033783Y0011772D01*
X0034019Y0011612D01*
X0034260Y0011459D01*
X0034504Y0011311D01*
X0034752Y0011170D01*
X0035003Y0011034D01*
X0035257Y0010904D01*
X0035515Y0010781D01*
X0035775Y0010664D01*
X0036038Y0010553D01*
X0036304Y0010449D01*
X0036572Y0010351D01*
X0036842Y0010259D01*
X0037115Y0010174D01*
X0037389Y0010096D01*
X0037665Y0010024D01*
X0037943Y0009959D01*
X0038223Y0009901D01*
X0038504Y0009850D01*
X0038785Y0009805D01*
X0039068Y0009767D01*
X0039352Y0009736D01*
X0039636Y0009712D01*
X0039921Y0009695D01*
X0040207Y0009684D01*
X0040492Y0009681D01*
M02*
